<?xml version="1.0" encoding="UTF-8"?>
<testsuite name="DogControllerTest" tests="2" skipped="0" failures="0" errors="0" timestamp="2019-06-20T03:13:51" hostname="L8-IS-4X8GTN2" time="0.588">
  <properties/>
  <testcase name="shouldDogsController" classname="DogControllerTest" time="0.493"/>
  <testcase name="shouldReturnDefaultMessage" classname="DogControllerTest" time="0.088"/>
  <system-out><![CDATA[22:13:31.589 [Test worker] DEBUG org.springframework.test.context.junit4.SpringJUnit4ClassRunner - SpringJUnit4ClassRunner constructor called with [class DogControllerTest]
22:13:31.605 [Test worker] DEBUG org.springframework.test.context.BootstrapUtils - Instantiating CacheAwareContextLoaderDelegate from class [org.springframework.test.context.cache.DefaultCacheAwareContextLoaderDelegate]
22:13:31.629 [Test worker] DEBUG org.springframework.test.context.BootstrapUtils - Instantiating BootstrapContext using constructor [public org.springframework.test.context.support.DefaultBootstrapContext(java.lang.Class,org.springframework.test.context.CacheAwareContextLoaderDelegate)]
22:13:31.701 [Test worker] DEBUG org.springframework.test.context.BootstrapUtils - Instantiating TestContextBootstrapper for test class [DogControllerTest] from class [org.springframework.boot.test.context.SpringBootTestContextBootstrapper]
22:13:31.736 [Test worker] INFO org.springframework.boot.test.context.SpringBootTestContextBootstrapper - Neither @ContextConfiguration nor @ContextHierarchy found for test class [DogControllerTest], using SpringBootContextLoader
22:13:31.747 [Test worker] DEBUG org.springframework.test.context.support.AbstractContextLoader - Did not detect default resource location for test class [DogControllerTest]: class path resource [DogControllerTest-context.xml] does not exist
22:13:31.748 [Test worker] DEBUG org.springframework.test.context.support.AbstractContextLoader - Did not detect default resource location for test class [DogControllerTest]: class path resource [DogControllerTestContext.groovy] does not exist
22:13:31.748 [Test worker] INFO org.springframework.test.context.support.AbstractContextLoader - Could not detect default resource locations for test class [DogControllerTest]: no resource found for suffixes {-context.xml, Context.groovy}.
22:13:31.975 [Test worker] DEBUG org.springframework.test.context.support.ActiveProfilesUtils - Could not find an 'annotation declaring class' for annotation type [org.springframework.test.context.ActiveProfiles] and class [DogControllerTest]
22:13:32.335 [Test worker] DEBUG org.springframework.boot.test.context.SpringBootTestContextBootstrapper - @TestExecutionListeners is not present for class [DogControllerTest]: using defaults.
22:13:32.336 [Test worker] INFO org.springframework.boot.test.context.SpringBootTestContextBootstrapper - Loaded default TestExecutionListener class names from location [META-INF/spring.factories]: [org.springframework.boot.test.autoconfigure.restdocs.RestDocsTestExecutionListener, org.springframework.boot.test.autoconfigure.web.client.MockRestServiceServerResetTestExecutionListener, org.springframework.boot.test.autoconfigure.web.servlet.MockMvcPrintOnlyOnFailureTestExecutionListener, org.springframework.boot.test.autoconfigure.web.servlet.WebDriverTestExecutionListener, org.springframework.boot.test.mock.mockito.MockitoTestExecutionListener, org.springframework.boot.test.mock.mockito.ResetMocksTestExecutionListener, org.springframework.test.context.web.ServletTestExecutionListener, org.springframework.test.context.support.DirtiesContextBeforeModesTestExecutionListener, org.springframework.test.context.support.DependencyInjectionTestExecutionListener, org.springframework.test.context.support.DirtiesContextTestExecutionListener, org.springframework.test.context.transaction.TransactionalTestExecutionListener, org.springframework.test.context.jdbc.SqlScriptsTestExecutionListener]
22:13:32.452 [Test worker] INFO org.springframework.boot.test.context.SpringBootTestContextBootstrapper - Using TestExecutionListeners: [org.springframework.test.context.web.ServletTestExecutionListener@597514c8, org.springframework.test.context.support.DirtiesContextBeforeModesTestExecutionListener@1f015a74, org.springframework.boot.test.mock.mockito.MockitoTestExecutionListener@4b8af7b9, org.springframework.boot.test.autoconfigure.SpringBootDependencyInjectionTestExecutionListener@48a91c94, org.springframework.test.context.support.DirtiesContextTestExecutionListener@390b921d, org.springframework.test.context.transaction.TransactionalTestExecutionListener@2c4cbdb2, org.springframework.test.context.jdbc.SqlScriptsTestExecutionListener@30e7a0bd, org.springframework.boot.test.autoconfigure.restdocs.RestDocsTestExecutionListener@30aa5789, org.springframework.boot.test.autoconfigure.web.client.MockRestServiceServerResetTestExecutionListener@5554b0fb, org.springframework.boot.test.autoconfigure.web.servlet.MockMvcPrintOnlyOnFailureTestExecutionListener@1c3c36ce, org.springframework.boot.test.autoconfigure.web.servlet.WebDriverTestExecutionListener@11d38fbc, org.springframework.boot.test.mock.mockito.ResetMocksTestExecutionListener@73a79410]
22:13:32.461 [Test worker] DEBUG org.springframework.test.annotation.ProfileValueUtils - Retrieved @ProfileValueSourceConfiguration [null] for test class [DogControllerTest]
22:13:32.464 [Test worker] DEBUG org.springframework.test.annotation.ProfileValueUtils - Retrieved ProfileValueSource type [class org.springframework.test.annotation.SystemProfileValueSource] for class [DogControllerTest]
22:13:32.466 [Test worker] DEBUG org.springframework.test.annotation.ProfileValueUtils - Retrieved @ProfileValueSourceConfiguration [null] for test class [DogControllerTest]
22:13:32.467 [Test worker] DEBUG org.springframework.test.annotation.ProfileValueUtils - Retrieved ProfileValueSource type [class org.springframework.test.annotation.SystemProfileValueSource] for class [DogControllerTest]
22:13:32.482 [Test worker] DEBUG org.springframework.test.context.support.AbstractDirtiesContextTestExecutionListener - Before test class: context [DefaultTestContext@5f140921 testClass = DogControllerTest, testInstance = [null], testMethod = [null], testException = [null], mergedContextConfiguration = [WebMergedContextConfiguration@719416f7 testClass = DogControllerTest, locations = '{}', classes = '{class hello.Application, class hello.Application}', contextInitializerClasses = '[]', activeProfiles = '{}', propertySourceLocations = '{}', propertySourceProperties = '{org.springframework.boot.test.context.SpringBootTestContextBootstrapper=true}', contextCustomizers = set[org.springframework.boot.test.autoconfigure.properties.PropertyMappingContextCustomizer@e7e8512, org.springframework.boot.test.autoconfigure.web.servlet.WebDriverContextCustomizerFactory$Customizer@592472e3, [ImportsContextCustomizer@1837ed59 key = [org.springframework.boot.test.autoconfigure.web.servlet.MockMvcAutoConfiguration, org.springframework.boot.test.autoconfigure.web.servlet.MockMvcSecurityAutoConfiguration, org.springframework.boot.test.autoconfigure.web.servlet.MockMvcWebClientAutoConfiguration, org.springframework.boot.test.autoconfigure.web.servlet.MockMvcWebDriverAutoConfiguration]], org.springframework.boot.test.context.filter.ExcludeFilterContextCustomizer@4f35a52d, org.springframework.boot.test.json.DuplicateJsonObjectContextCustomizerFactory$DuplicateJsonObjectContextCustomizer@39b786fd, org.springframework.boot.test.mock.mockito.MockitoContextCustomizer@0, org.springframework.boot.test.web.client.TestRestTemplateContextCustomizer@49302fc], resourceBasePath = 'src/main/webapp', contextLoader = 'org.springframework.boot.test.context.SpringBootContextLoader', parent = [null]], attributes = map['org.springframework.test.context.web.ServletTestExecutionListener.activateListener' -> true]], class annotated with @DirtiesContext [false] with mode [null].
22:13:32.486 [Test worker] DEBUG org.springframework.test.annotation.ProfileValueUtils - Retrieved @ProfileValueSourceConfiguration [null] for test class [DogControllerTest]
22:13:32.486 [Test worker] DEBUG org.springframework.test.annotation.ProfileValueUtils - Retrieved ProfileValueSource type [class org.springframework.test.annotation.SystemProfileValueSource] for class [DogControllerTest]
22:13:32.555 [Test worker] DEBUG org.springframework.test.context.support.TestPropertySourceUtils - Adding inlined properties to environment: {spring.jmx.enabled=false, org.springframework.boot.test.context.SpringBootTestContextBootstrapper=true, server.port=-1}

  .   ____          _            __ _ _
 /\\ / ___'_ __ _ _(_)_ __  __ _ \ \ \ \
( ( )\___ | '_ | '_| | '_ \/ _` | \ \ \ \
 \\/  ___)| |_)| | | | | || (_| |  ) ) ) )
  '  |____| .__|_| |_|_| |_\__, | / / / /
 =========|_|==============|___/=/_/_/_/
 :: Spring Boot ::        (v2.1.4.RELEASE)

2019-06-19 22:13:33.816  INFO 8136 --- [    Test worker] DogControllerTest                        : Starting DogControllerTest on L8-IS-4X8GTN2 with PID 8136 (started by b0027 in C:\dev-tools\gradletest)
2019-06-19 22:13:33.818  INFO 8136 --- [    Test worker] DogControllerTest                        : No active profile set, falling back to default profiles: default
2019-06-19 22:13:36.847  INFO 8136 --- [    Test worker] .s.d.r.c.RepositoryConfigurationDelegate : Bootstrapping Spring Data repositories in DEFAULT mode.
2019-06-19 22:13:37.037  INFO 8136 --- [    Test worker] .s.d.r.c.RepositoryConfigurationDelegate : Finished Spring Data repository scanning in 171ms. Found 2 repository interfaces.
2019-06-19 22:13:38.086  INFO 8136 --- [    Test worker] trationDelegate$BeanPostProcessorChecker : Bean 'org.springframework.transaction.annotation.ProxyTransactionManagementConfiguration' of type [org.springframework.transaction.annotation.ProxyTransactionManagementConfiguration$$EnhancerBySpringCGLIB$$68070b94] is not eligible for getting processed by all BeanPostProcessors (for example: not eligible for auto-proxying)
2019-06-19 22:13:38.773  INFO 8136 --- [    Test worker] com.zaxxer.hikari.HikariDataSource       : HikariPool-1 - Starting...
2019-06-19 22:13:39.516  INFO 8136 --- [    Test worker] com.zaxxer.hikari.HikariDataSource       : HikariPool-1 - Start completed.
2019-06-19 22:13:39.752  INFO 8136 --- [    Test worker] o.hibernate.jpa.internal.util.LogHelper  : HHH000204: Processing PersistenceUnitInfo [
	name: default
	...]
2019-06-19 22:13:40.149  INFO 8136 --- [    Test worker] org.hibernate.Version                    : HHH000412: Hibernate Core {5.3.9.Final}
2019-06-19 22:13:40.155  INFO 8136 --- [    Test worker] org.hibernate.cfg.Environment            : HHH000206: hibernate.properties not found
2019-06-19 22:13:40.844  INFO 8136 --- [    Test worker] o.hibernate.annotations.common.Version   : HCANN000001: Hibernate Commons Annotations {5.0.4.Final}
2019-06-19 22:13:41.826  INFO 8136 --- [    Test worker] org.hibernate.dialect.Dialect            : HHH000400: Using dialect: org.hibernate.dialect.H2Dialect
2019-06-19 22:13:43.502  INFO 8136 --- [    Test worker] o.h.t.schema.internal.SchemaCreatorImpl  : HHH000476: Executing import script 'org.hibernate.tool.schema.internal.exec.ScriptSourceInputNonExistentImpl@61643528'
2019-06-19 22:13:43.511  INFO 8136 --- [    Test worker] j.LocalContainerEntityManagerFactoryBean : Initialized JPA EntityManagerFactory for persistence unit 'default'
2019-06-19 22:13:47.666  INFO 8136 --- [    Test worker] o.s.s.concurrent.ThreadPoolTaskExecutor  : Initializing ExecutorService 'applicationTaskExecutor'
2019-06-19 22:13:47.823  WARN 8136 --- [    Test worker] aWebConfiguration$JpaWebMvcConfiguration : spring.jpa.open-in-view is enabled by default. Therefore, database queries may be performed during view rendering. Explicitly configure spring.jpa.open-in-view to disable this warning
2019-06-19 22:13:50.246  INFO 8136 --- [    Test worker] o.s.b.t.m.w.SpringBootMockServletContext : Initializing Spring TestDispatcherServlet ''
2019-06-19 22:13:50.246  INFO 8136 --- [    Test worker] o.s.t.web.servlet.TestDispatcherServlet  : Initializing Servlet ''
2019-06-19 22:13:50.288  INFO 8136 --- [    Test worker] o.s.t.web.servlet.TestDispatcherServlet  : Completed initialization in 39 ms
2019-06-19 22:13:50.364  INFO 8136 --- [    Test worker] DogControllerTest                        : Started DogControllerTest in 17.787 seconds (JVM running for 20.954)
2019-06-19 22:13:50.565  INFO 8136 --- [    Test worker] hello.Application                        : 
2019-06-19 22:13:50.617  INFO 8136 --- [    Test worker] o.h.h.i.QueryTranslatorFactoryInitiator  : HHH000397: Using ASTQueryTranslatorFactory
2019-06-19 22:13:50.942  INFO 8136 --- [    Test worker] hello.Application                        : Customer{id=1, firstName='Anand', lastName='SK', dog=null}
2019-06-19 22:13:50.943  INFO 8136 --- [    Test worker] hello.Application                        : Customer{id=2, firstName='Johnny', lastName='Papa', dog=null}
2019-06-19 22:13:50.944  INFO 8136 --- [    Test worker] hello.Application                        : Customer{id=3, firstName='Pinky', lastName='Rocky', dog=null}
2019-06-19 22:13:50.944  INFO 8136 --- [    Test worker] hello.Application                        : Customer{id=4, firstName='Sinkgid', lastName='First', dog=null}
2019-06-19 22:13:50.944  INFO 8136 --- [    Test worker] hello.Application                        : Customer{id=5, firstName='Anand', lastName='Spring', dog=null}
2019-06-19 22:13:50.944  INFO 8136 --- [    Test worker] hello.Application                        : findByLastName - > SK 
[Customer{id=1, firstName='Anand', lastName='SK', dog=null}]
2019-06-19 22:13:51.038  INFO 8136 --- [    Test worker] hello.Application                        : findById
2019-06-19 22:13:51.059  INFO 8136 --- [    Test worker] hello.Application                        : Customer{id=1, firstName='Anand', lastName='SK', dog=null}
2019-06-19 22:13:51.059  INFO 8136 --- [    Test worker] hello.Application                        : findByfirstName -> Anand
2019-06-19 22:13:51.077  INFO 8136 --- [    Test worker] hello.Application                        : Dog Controller Test
2019-06-19 22:13:51.106  INFO 8136 --- [    Test worker] hello.Application                        : findAll -> Dogs
[hello.Entities.Dog@79f169d1, hello.Entities.Dog@39e75cc5, hello.Entities.Dog@4baa15c9, hello.Entities.Dog@43b4290b, hello.Entities.Dog@466ba43b]
[hello.Entities.Dog@79f169d1, hello.Entities.Dog@39e75cc5, hello.Entities.Dog@4baa15c9, hello.Entities.Dog@43b4290b, hello.Entities.Dog@466ba43b]
Guuu
Yeda
Pandu
Fizu
Pashu
2019-06-19 22:13:51.126  INFO 8136 --- [    Test worker] hello.Application                        : findByid -> Dogs
[hello.Entities.Dog@46ce2155]
2019-06-19 22:13:51.136  INFO 8136 --- [    Test worker] hello.Application                        : findDogByAge
[hello.Entities.Dog@78be9127]

MockHttpServletRequest:
      HTTP Method = GET
      Request URI = /dogs/get-all-dogs
       Parameters = {}
          Headers = []
             Body = null
    Session Attrs = {}

Handler:
             Type = hello.Controller.DogController
           Method = public org.springframework.http.ResponseEntity<java.util.List<hello.Entities.Dog>> hello.Controller.DogController.getDogs()

Async:
    Async started = false
     Async result = null

Resolved Exception:
             Type = null

ModelAndView:
        View name = null
             View = null
            Model = null

FlashMap:
       Attributes = null

MockHttpServletResponse:
           Status = 200
    Error message = null
          Headers = [Content-Type:"application/json;charset=UTF-8"]
     Content type = application/json;charset=UTF-8
             Body = [{"idDog":6,"name":"Guuu","age":13},{"idDog":7,"name":"Yeda","age":15},{"idDog":8,"name":"Pandu","age":16},{"idDog":9,"name":"Fizu","age":17},{"idDog":10,"name":"Pashu","age":18}]
    Forwarded URL = null
   Redirected URL = null
          Cookies = []

MockHttpServletRequest:
      HTTP Method = GET
      Request URI = /
       Parameters = {}
          Headers = []
             Body = null
    Session Attrs = {}

Handler:
             Type = hello.Controller.HelloController
           Method = public java.lang.String hello.Controller.HelloController.index()

Async:
    Async started = false
     Async result = null

Resolved Exception:
             Type = null

ModelAndView:
        View name = null
             View = null
            Model = null

FlashMap:
       Attributes = null

MockHttpServletResponse:
           Status = 200
    Error message = null
          Headers = [Content-Type:"text/plain;charset=UTF-8", Content-Length:"27"]
     Content type = text/plain;charset=UTF-8
             Body = Greetings from Spring Boot!
    Forwarded URL = null
   Redirected URL = null
          Cookies = []
]]></system-out>
  <system-err><![CDATA[]]></system-err>
</testsuite>
