<?xml version="1.0" encoding="UTF-8"?>
<testsuite name="DogControllerTest" tests="2" skipped="0" failures="0" errors="0" timestamp="2019-06-16T20:02:12" hostname="L8-IS-4X8GTN2" time="0.338">
  <properties/>
  <testcase name="shouldDogsController" classname="DogControllerTest" time="0.284"/>
  <testcase name="shouldReturnDefaultMessage" classname="DogControllerTest" time="0.053"/>
  <system-out><![CDATA[15:01:54.606 [Test worker] DEBUG org.springframework.test.context.junit4.SpringJUnit4ClassRunner - SpringJUnit4ClassRunner constructor called with [class DogControllerTest]
15:01:54.636 [Test worker] DEBUG org.springframework.test.context.BootstrapUtils - Instantiating CacheAwareContextLoaderDelegate from class [org.springframework.test.context.cache.DefaultCacheAwareContextLoaderDelegate]
15:01:54.672 [Test worker] DEBUG org.springframework.test.context.BootstrapUtils - Instantiating BootstrapContext using constructor [public org.springframework.test.context.support.DefaultBootstrapContext(java.lang.Class,org.springframework.test.context.CacheAwareContextLoaderDelegate)]
15:01:54.828 [Test worker] DEBUG org.springframework.test.context.BootstrapUtils - Instantiating TestContextBootstrapper for test class [DogControllerTest] from class [org.springframework.boot.test.context.SpringBootTestContextBootstrapper]
15:01:54.894 [Test worker] INFO org.springframework.boot.test.context.SpringBootTestContextBootstrapper - Neither @ContextConfiguration nor @ContextHierarchy found for test class [DogControllerTest], using SpringBootContextLoader
15:01:54.909 [Test worker] DEBUG org.springframework.test.context.support.AbstractContextLoader - Did not detect default resource location for test class [DogControllerTest]: class path resource [DogControllerTest-context.xml] does not exist
15:01:54.913 [Test worker] DEBUG org.springframework.test.context.support.AbstractContextLoader - Did not detect default resource location for test class [DogControllerTest]: class path resource [DogControllerTestContext.groovy] does not exist
15:01:54.914 [Test worker] INFO org.springframework.test.context.support.AbstractContextLoader - Could not detect default resource locations for test class [DogControllerTest]: no resource found for suffixes {-context.xml, Context.groovy}.
15:01:55.185 [Test worker] DEBUG org.springframework.test.context.support.ActiveProfilesUtils - Could not find an 'annotation declaring class' for annotation type [org.springframework.test.context.ActiveProfiles] and class [DogControllerTest]
15:01:55.728 [Test worker] DEBUG org.springframework.boot.test.context.SpringBootTestContextBootstrapper - @TestExecutionListeners is not present for class [DogControllerTest]: using defaults.
15:01:55.730 [Test worker] INFO org.springframework.boot.test.context.SpringBootTestContextBootstrapper - Loaded default TestExecutionListener class names from location [META-INF/spring.factories]: [org.springframework.boot.test.autoconfigure.restdocs.RestDocsTestExecutionListener, org.springframework.boot.test.autoconfigure.web.client.MockRestServiceServerResetTestExecutionListener, org.springframework.boot.test.autoconfigure.web.servlet.MockMvcPrintOnlyOnFailureTestExecutionListener, org.springframework.boot.test.autoconfigure.web.servlet.WebDriverTestExecutionListener, org.springframework.boot.test.mock.mockito.MockitoTestExecutionListener, org.springframework.boot.test.mock.mockito.ResetMocksTestExecutionListener, org.springframework.test.context.web.ServletTestExecutionListener, org.springframework.test.context.support.DirtiesContextBeforeModesTestExecutionListener, org.springframework.test.context.support.DependencyInjectionTestExecutionListener, org.springframework.test.context.support.DirtiesContextTestExecutionListener, org.springframework.test.context.transaction.TransactionalTestExecutionListener, org.springframework.test.context.jdbc.SqlScriptsTestExecutionListener]
15:01:55.959 [Test worker] INFO org.springframework.boot.test.context.SpringBootTestContextBootstrapper - Using TestExecutionListeners: [org.springframework.test.context.web.ServletTestExecutionListener@6abb1852, org.springframework.test.context.support.DirtiesContextBeforeModesTestExecutionListener@29ae4b1c, org.springframework.boot.test.mock.mockito.MockitoTestExecutionListener@41ebb6e5, org.springframework.boot.test.autoconfigure.SpringBootDependencyInjectionTestExecutionListener@3e55360c, org.springframework.test.context.support.DirtiesContextTestExecutionListener@c1ed01c, org.springframework.test.context.transaction.TransactionalTestExecutionListener@57339c28, org.springframework.test.context.jdbc.SqlScriptsTestExecutionListener@4b7354b5, org.springframework.boot.test.autoconfigure.restdocs.RestDocsTestExecutionListener@5c81ee81, org.springframework.boot.test.autoconfigure.web.client.MockRestServiceServerResetTestExecutionListener@26654b3d, org.springframework.boot.test.autoconfigure.web.servlet.MockMvcPrintOnlyOnFailureTestExecutionListener@6d7c4105, org.springframework.boot.test.autoconfigure.web.servlet.WebDriverTestExecutionListener@3c7b76e3, org.springframework.boot.test.mock.mockito.ResetMocksTestExecutionListener@6fdd620b]
15:01:55.972 [Test worker] DEBUG org.springframework.test.annotation.ProfileValueUtils - Retrieved @ProfileValueSourceConfiguration [null] for test class [DogControllerTest]
15:01:55.975 [Test worker] DEBUG org.springframework.test.annotation.ProfileValueUtils - Retrieved ProfileValueSource type [class org.springframework.test.annotation.SystemProfileValueSource] for class [DogControllerTest]
15:01:55.978 [Test worker] DEBUG org.springframework.test.annotation.ProfileValueUtils - Retrieved @ProfileValueSourceConfiguration [null] for test class [DogControllerTest]
15:01:55.978 [Test worker] DEBUG org.springframework.test.annotation.ProfileValueUtils - Retrieved ProfileValueSource type [class org.springframework.test.annotation.SystemProfileValueSource] for class [DogControllerTest]
15:01:56.004 [Test worker] DEBUG org.springframework.test.context.support.AbstractDirtiesContextTestExecutionListener - Before test class: context [DefaultTestContext@39762937 testClass = DogControllerTest, testInstance = [null], testMethod = [null], testException = [null], mergedContextConfiguration = [WebMergedContextConfiguration@978240f testClass = DogControllerTest, locations = '{}', classes = '{class hello.Application, class hello.Application}', contextInitializerClasses = '[]', activeProfiles = '{}', propertySourceLocations = '{}', propertySourceProperties = '{org.springframework.boot.test.context.SpringBootTestContextBootstrapper=true}', contextCustomizers = set[org.springframework.boot.test.autoconfigure.properties.PropertyMappingContextCustomizer@e7e8512, org.springframework.boot.test.autoconfigure.web.servlet.WebDriverContextCustomizerFactory$Customizer@75cd175a, [ImportsContextCustomizer@15b7b39d key = [org.springframework.boot.test.autoconfigure.web.servlet.MockMvcAutoConfiguration, org.springframework.boot.test.autoconfigure.web.servlet.MockMvcSecurityAutoConfiguration, org.springframework.boot.test.autoconfigure.web.servlet.MockMvcWebClientAutoConfiguration, org.springframework.boot.test.autoconfigure.web.servlet.MockMvcWebDriverAutoConfiguration]], org.springframework.boot.test.context.filter.ExcludeFilterContextCustomizer@2360848d, org.springframework.boot.test.json.DuplicateJsonObjectContextCustomizerFactory$DuplicateJsonObjectContextCustomizer@1771db77, org.springframework.boot.test.mock.mockito.MockitoContextCustomizer@0, org.springframework.boot.test.web.client.TestRestTemplateContextCustomizer@764788c6], resourceBasePath = 'src/main/webapp', contextLoader = 'org.springframework.boot.test.context.SpringBootContextLoader', parent = [null]], attributes = map['org.springframework.test.context.web.ServletTestExecutionListener.activateListener' -> true]], class annotated with @DirtiesContext [false] with mode [null].
15:01:56.009 [Test worker] DEBUG org.springframework.test.annotation.ProfileValueUtils - Retrieved @ProfileValueSourceConfiguration [null] for test class [DogControllerTest]
15:01:56.010 [Test worker] DEBUG org.springframework.test.annotation.ProfileValueUtils - Retrieved ProfileValueSource type [class org.springframework.test.annotation.SystemProfileValueSource] for class [DogControllerTest]
15:01:56.136 [Test worker] DEBUG org.springframework.test.context.support.TestPropertySourceUtils - Adding inlined properties to environment: {spring.jmx.enabled=false, org.springframework.boot.test.context.SpringBootTestContextBootstrapper=true, server.port=-1}

  .   ____          _            __ _ _
 /\\ / ___'_ __ _ _(_)_ __  __ _ \ \ \ \
( ( )\___ | '_ | '_| | '_ \/ _` | \ \ \ \
 \\/  ___)| |_)| | | | | || (_| |  ) ) ) )
  '  |____| .__|_| |_|_| |_\__, | / / / /
 =========|_|==============|___/=/_/_/_/
 :: Spring Boot ::        (v2.1.4.RELEASE)

2019-06-16 15:01:57.954  INFO 15532 --- [    Test worker] DogControllerTest                        : Starting DogControllerTest on L8-IS-4X8GTN2 with PID 15532 (started by b0027 in C:\dev-tools\gradletest)
2019-06-16 15:01:57.959  INFO 15532 --- [    Test worker] DogControllerTest                        : No active profile set, falling back to default profiles: default
2019-06-16 15:02:00.271  INFO 15532 --- [    Test worker] .s.d.r.c.RepositoryConfigurationDelegate : Bootstrapping Spring Data repositories in DEFAULT mode.
2019-06-16 15:02:00.418  INFO 15532 --- [    Test worker] .s.d.r.c.RepositoryConfigurationDelegate : Finished Spring Data repository scanning in 132ms. Found 2 repository interfaces.
2019-06-16 15:02:01.267  INFO 15532 --- [    Test worker] trationDelegate$BeanPostProcessorChecker : Bean 'org.springframework.transaction.annotation.ProxyTransactionManagementConfiguration' of type [org.springframework.transaction.annotation.ProxyTransactionManagementConfiguration$$EnhancerBySpringCGLIB$$48c5e7] is not eligible for getting processed by all BeanPostProcessors (for example: not eligible for auto-proxying)
2019-06-16 15:02:01.662  INFO 15532 --- [    Test worker] com.zaxxer.hikari.HikariDataSource       : HikariPool-1 - Starting...
2019-06-16 15:02:02.069  INFO 15532 --- [    Test worker] com.zaxxer.hikari.HikariDataSource       : HikariPool-1 - Start completed.
2019-06-16 15:02:02.443  INFO 15532 --- [    Test worker] o.hibernate.jpa.internal.util.LogHelper  : HHH000204: Processing PersistenceUnitInfo [
	name: default
	...]
2019-06-16 15:02:02.847  INFO 15532 --- [    Test worker] org.hibernate.Version                    : HHH000412: Hibernate Core {5.3.9.Final}
2019-06-16 15:02:02.853  INFO 15532 --- [    Test worker] org.hibernate.cfg.Environment            : HHH000206: hibernate.properties not found
2019-06-16 15:02:03.988  INFO 15532 --- [    Test worker] o.hibernate.annotations.common.Version   : HCANN000001: Hibernate Commons Annotations {5.0.4.Final}
2019-06-16 15:02:05.235  INFO 15532 --- [    Test worker] org.hibernate.dialect.Dialect            : HHH000400: Using dialect: org.hibernate.dialect.H2Dialect
2019-06-16 15:02:07.189  INFO 15532 --- [    Test worker] o.h.t.schema.internal.SchemaCreatorImpl  : HHH000476: Executing import script 'org.hibernate.tool.schema.internal.exec.ScriptSourceInputNonExistentImpl@53b7775d'
2019-06-16 15:02:07.199  INFO 15532 --- [    Test worker] j.LocalContainerEntityManagerFactoryBean : Initialized JPA EntityManagerFactory for persistence unit 'default'
2019-06-16 15:02:10.004  INFO 15532 --- [    Test worker] o.s.s.concurrent.ThreadPoolTaskExecutor  : Initializing ExecutorService 'applicationTaskExecutor'
2019-06-16 15:02:10.225  WARN 15532 --- [    Test worker] aWebConfiguration$JpaWebMvcConfiguration : spring.jpa.open-in-view is enabled by default. Therefore, database queries may be performed during view rendering. Explicitly configure spring.jpa.open-in-view to disable this warning
2019-06-16 15:02:11.503  INFO 15532 --- [    Test worker] o.s.b.t.m.w.SpringBootMockServletContext : Initializing Spring TestDispatcherServlet ''
2019-06-16 15:02:11.503  INFO 15532 --- [    Test worker] o.s.t.web.servlet.TestDispatcherServlet  : Initializing Servlet ''
2019-06-16 15:02:11.541  INFO 15532 --- [    Test worker] o.s.t.web.servlet.TestDispatcherServlet  : Completed initialization in 38 ms
2019-06-16 15:02:12.004  INFO 15532 --- [    Test worker] DogControllerTest                        : Started DogControllerTest in 15.825 seconds (JVM running for 20.769)
2019-06-16 15:02:12.147  INFO 15532 --- [    Test worker] hello.Application                        : 
2019-06-16 15:02:12.197  INFO 15532 --- [    Test worker] o.h.h.i.QueryTranslatorFactoryInitiator  : HHH000397: Using ASTQueryTranslatorFactory
2019-06-16 15:02:12.469  INFO 15532 --- [    Test worker] hello.Application                        : Customer{id=1, firstName='Anand', lastName='SK'}
2019-06-16 15:02:12.469  INFO 15532 --- [    Test worker] hello.Application                        : Customer{id=2, firstName='Johnny', lastName='Papa'}
2019-06-16 15:02:12.469  INFO 15532 --- [    Test worker] hello.Application                        : Customer{id=3, firstName='Pinky', lastName='Rocky'}
2019-06-16 15:02:12.469  INFO 15532 --- [    Test worker] hello.Application                        : Customer{id=4, firstName='Sinkgid', lastName='First'}
2019-06-16 15:02:12.470  INFO 15532 --- [    Test worker] hello.Application                        : Customer{id=5, firstName='Anand', lastName='Spring'}
2019-06-16 15:02:12.470  INFO 15532 --- [    Test worker] hello.Application                        : findByLastName - > SK 
[Customer{id=1, firstName='Anand', lastName='SK'}]
2019-06-16 15:02:12.538  INFO 15532 --- [    Test worker] hello.Application                        : findById
2019-06-16 15:02:12.550  INFO 15532 --- [    Test worker] hello.Application                        : Customer{id=1, firstName='Anand', lastName='SK'}
2019-06-16 15:02:12.550  INFO 15532 --- [    Test worker] hello.Application                        : findByfirstName -> Anand
2019-06-16 15:02:12.556  INFO 15532 --- [    Test worker] hello.Application                        : Dog Controller Test
2019-06-16 15:02:12.568  INFO 15532 --- [    Test worker] hello.Application                        : findAll -> Dogs
[hello.Entities.Dog@18caa30d, hello.Entities.Dog@5abd08dc, hello.Entities.Dog@17a21a4d, hello.Entities.Dog@697e5487, hello.Entities.Dog@3b6bca8]
[hello.Entities.Dog@18caa30d, hello.Entities.Dog@5abd08dc, hello.Entities.Dog@17a21a4d, hello.Entities.Dog@697e5487, hello.Entities.Dog@3b6bca8]

MockHttpServletRequest:
      HTTP Method = GET
      Request URI = /
       Parameters = {}
          Headers = []
             Body = null
    Session Attrs = {}

Handler:
             Type = hello.Controller.HelloController
           Method = public java.lang.String hello.Controller.HelloController.index()

Async:
    Async started = false
     Async result = null

Resolved Exception:
             Type = null

ModelAndView:
        View name = null
             View = null
            Model = null

FlashMap:
       Attributes = null

MockHttpServletResponse:
           Status = 200
    Error message = null
          Headers = [Content-Type:"text/plain;charset=UTF-8", Content-Length:"27"]
     Content type = text/plain;charset=UTF-8
             Body = Greetings from Spring Boot!
    Forwarded URL = null
   Redirected URL = null
          Cookies = []

MockHttpServletRequest:
      HTTP Method = GET
      Request URI = /
       Parameters = {}
          Headers = []
             Body = null
    Session Attrs = {}

Handler:
             Type = hello.Controller.HelloController
           Method = public java.lang.String hello.Controller.HelloController.index()

Async:
    Async started = false
     Async result = null

Resolved Exception:
             Type = null

ModelAndView:
        View name = null
             View = null
            Model = null

FlashMap:
       Attributes = null

MockHttpServletResponse:
           Status = 200
    Error message = null
          Headers = [Content-Type:"text/plain;charset=UTF-8", Content-Length:"27"]
     Content type = text/plain;charset=UTF-8
             Body = Greetings from Spring Boot!
    Forwarded URL = null
   Redirected URL = null
          Cookies = []
]]></system-out>
  <system-err><![CDATA[]]></system-err>
</testsuite>
